\BOOKMARK [0][-]{chapter*.1}{\376\377\006\047\006\071\006\104\006\047\006\105\006\314\006\107\040\014\006\314\000\040\006\052\006\047\006\104\006\314\006\101}{}% 1
\BOOKMARK [0][-]{chapter*.2}{\376\377\006\102\006\057\006\061\006\057\006\047\006\106\006\314}{}% 2
\BOOKMARK [0][-]{chapter*.3}{\376\377\006\206\006\251\006\314\006\057\006\107}{}% 3
\BOOKMARK [0][-]{chapter*.3}{\376\377\006\101\006\107\006\061\006\063\006\052\000\040\006\105\006\067\006\047\006\104\006\050}{}% 4
\BOOKMARK [0][-]{chapter*.4}{\376\377\006\101\006\107\006\061\006\063\006\052\000\040\006\054\006\057\006\047\006\110\006\104}{}% 5
\BOOKMARK [0][-]{chapter*.5}{\376\377\006\101\006\107\006\061\006\063\006\052\000\040\006\052\006\065\006\047\006\110\006\314\006\061}{}% 6
\BOOKMARK [0][-]{chapter.1}{\376\377\006\105\006\102\006\057\006\105\006\107}{}% 7
\BOOKMARK [0][-]{chapter.2}{\376\377\006\101\006\314\006\062\006\314\006\251\000\040\006\106\006\110\006\052\006\061\006\314\006\106\006\110}{}% 8
\BOOKMARK [1][-]{section.2.1}{\376\377\006\105\006\102\006\057\006\105\006\107}{chapter.2}% 9
\BOOKMARK [1][-]{section.2.2}{\376\377\006\106\006\110\006\052\006\061\006\314\006\106\006\110\006\107\006\047\000\040\006\057\006\061\000\040\006\105\006\057\006\104\000\040\006\047\006\063\006\052\006\047\006\106\006\057\006\047\006\061\006\057}{chapter.2}% 10
\BOOKMARK [1][-]{section.2.3}{\376\377\006\106\006\110\006\063\006\047\006\106\000\040\006\106\006\110\006\052\006\061\006\314\006\106\006\110}{chapter.2}% 11
\BOOKMARK [2][-]{subsection.2.3.1}{\376\377\006\101\006\061\006\105\006\110\006\104\040\014\006\050\006\106\006\057\006\314\000\040\006\106\006\110\006\063\006\047\006\106\000\040\006\106\006\110\006\052\006\061\006\314\006\106\006\110}{section.2.3}% 12
\BOOKMARK [2][-]{subsection.2.3.2}{\376\377\006\110\006\066\006\071\006\314\006\052\000\040\006\251\006\106\006\110\006\106\006\314\000\040\006\042\006\062\006\105\006\047\006\314\006\064\006\257\006\047\006\107\006\314\000\040\006\106\006\110\006\063\006\047\006\106\000\040\006\106\006\110\006\052\006\061\006\314\006\106\006\110}{section.2.3}% 13
\BOOKMARK [1][-]{section.2.4}{\376\377\006\106\006\110\006\052\006\061\006\314\006\106\006\110\006\314\000\040\006\054\006\061\006\105\040\014\006\057\006\047\006\061}{chapter.2}% 14
\BOOKMARK [2][-]{subsection.2.4.1}{\376\377\006\106\006\110\006\052\006\061\006\314\006\106\006\110\006\314\000\040\006\057\006\314\006\061\006\047\006\251}{section.2.4}% 15
\BOOKMARK [2][-]{subsection.2.4.2}{\376\377\006\106\006\110\006\052\006\061\006\314\006\106\006\110\006\314\000\040\006\105\006\047\006\314\006\110\006\061\006\047\006\106\006\047}{section.2.4}% 16
\BOOKMARK [2][-]{subsection.2.4.3}{\376\377\006\106\006\110\006\052\006\061\006\314\006\106\006\110\006\314\000\040\006\057\006\314\006\061\006\047\006\251\000-\006\105\006\047\006\314\006\110\006\061\006\047\006\106\006\047}{section.2.4}% 17
\BOOKMARK [2][-]{subsection.2.4.4}{\376\377\006\110\006\066\006\071\006\314\006\052\000\040\006\251\006\106\006\110\006\106\006\314\000\040\006\042\006\062\006\105\006\047\006\314\006\064\006\257\006\047\006\107\006\314\000\040\006\054\006\061\006\105\000\040\006\106\006\110\006\052\006\061\006\314\006\106\006\110}{section.2.4}% 18
\BOOKMARK [0][-]{chapter.3}{\376\377\006\104\006\176\006\052\006\110\006\106\040\014\006\062\006\047\006\314\006\314\000\040\006\257\006\061\006\105\006\047\006\314\006\314}{}% 19
\BOOKMARK [1][-]{section.3.1}{\376\377\006\105\006\102\006\057\006\105\006\107}{chapter.3}% 20
\BOOKMARK [1][-]{section.3.2}{\376\377\006\110\006\047\006\176\006\047\006\064\006\314\000\040\006\106\006\110\006\052\006\061\006\314\006\106\006\110\006\314\000\040\006\061\006\047\006\063\006\052\000\040\006\057\006\063\006\052}{chapter.3}% 21
\BOOKMARK [1][-]{section.3.3}{\376\377\006\064\006\251\006\063\006\052\000\040\006\052\006\102\006\047\006\061\006\106\000\040\000C\000P}{chapter.3}% 22
\BOOKMARK [1][-]{section.3.4}{\376\377\006\105\006\071\006\047\006\057\006\104\006\047\006\052\000\040\006\050\006\110\006\104\006\052\006\062\006\105\006\047\006\106}{chapter.3}% 23
\BOOKMARK [1][-]{section.3.5}{\376\377\006\061\006\047\006\050\006\067\006\107\040\014\006\314\000\040\006\050\006\314\006\106\000\040\006\071\006\057\006\105\000\040\006\052\006\102\006\047\006\061\006\106\000\040\000B\000-\000L\000\040\006\110\000\040\006\071\006\057\006\105\000\040\006\052\006\102\006\047\006\061\006\106\000\040\006\050\006\047\006\061\006\314\006\110\006\106\006\314}{chapter.3}% 24
\BOOKMARK [0][-]{chapter.4}{\376\377\006\104\006\176\006\052\006\110\006\106\040\014\006\062\006\047\006\314\006\314\000\040\006\257\006\061\006\105\006\047\006\314\006\314\000\040\006\057\006\061\000\040\006\251\006\314\006\107\006\047\006\106\000\040\006\106\006\047\006\101\006\062\006\110\006\106\006\110\006\061}{}% 25
\BOOKMARK [1][-]{section.4.1}{\376\377\006\105\006\102\006\057\006\105\006\107}{chapter.4}% 26
\BOOKMARK [1][-]{section.4.2}{\376\377\006\251\006\314\006\107\006\047\006\106\040\014\006\064\006\106\006\047\006\063\006\314\000\040\006\106\006\047\006\101\006\062\006\110\006\106\006\110\006\061}{chapter.4}% 27
\BOOKMARK [1][-]{section.4.3}{\376\377\006\104\006\176\006\052\006\110\006\106\040\014\006\062\006\047\006\314\006\314\000\040\006\052\006\071\006\105\006\314\006\105\000\040\006\314\006\047\006\101\006\052\006\107}{chapter.4}% 28
\BOOKMARK [2][-]{subsection.4.3.1}{\376\377\006\105\006\102\006\047\006\057\006\314\006\061\000\040\006\052\006\071\006\047\006\057\006\104\006\314\000\040\006\060\006\061\006\047\006\052}{section.4.3}% 29
\BOOKMARK [2][-]{subsection.4.3.2}{\376\377\006\176\006\047\006\061\006\047\006\105\006\052\006\061\000\040\006\110\006\047\006\176\006\047\006\064\006\314}{section.4.3}% 30
\BOOKMARK [2][-]{subsection.4.3.3}{\376\377\006\176\006\047\006\061\006\047\006\105\006\052\006\061\000\040\006\064\006\063\006\052\006\064\006\110}{section.4.3}% 31
\BOOKMARK [2][-]{subsection.4.3.4}{\376\377\006\061\006\047\006\050\006\067\006\107\040\014\006\314\000\040\006\050\006\314\006\106\000\040\006\071\006\057\006\105\000\040\006\052\006\102\006\047\006\061\006\106\000\040\000B\000-\000L\000\040\006\110\000\040\006\071\006\057\006\105\000\040\006\052\006\102\006\047\006\061\006\106\000\040\006\050\006\047\006\061\006\314\006\110\006\106}{section.4.3}% 32
\BOOKMARK [1][-]{section.4.4}{\376\377\006\106\006\052\006\047\006\314\006\054\000\040\006\071\006\057\006\057\006\314}{chapter.4}% 33
\BOOKMARK [0][-]{chapter.5}{\376\377\006\104\006\176\006\052\006\110\006\106\040\014\006\062\006\047\006\314\006\314\000\040\006\257\006\061\006\105\006\047\006\314\006\314\000\040\006\057\006\061\000\040\006\251\006\314\006\107\006\047\006\106\000\040\006\106\006\047\006\107\006\105\006\063\006\047\006\106\006\257\006\061\006\057}{}% 34
\BOOKMARK [1][-]{section.5.1}{\376\377\006\105\006\102\006\057\006\105\006\107}{chapter.5}% 35
\BOOKMARK [1][-]{section.5.2}{\376\377\006\251\006\314\006\107\006\047\006\106\040\014\006\064\006\106\006\047\006\063\006\314\000\040\006\106\006\047\006\107\006\105\006\063\006\047\006\106\006\257\006\061\006\057\000\040\006\050\006\314\006\047\006\106\006\251\006\314\000\040\006\106\006\110\006\071\000\040\006\047\006\110\006\104}{chapter.5}% 36
\BOOKMARK [1][-]{section.5.3}{\376\377\006\104\006\176\006\052\006\110\006\106\040\014\006\062\006\047\006\314\006\314\000\040\006\052\006\071\006\105\006\314\006\105\000\040\006\314\006\047\006\101\006\052\006\107}{chapter.5}% 37
\BOOKMARK [1][-]{section.5.4}{\376\377\006\106\006\052\006\047\006\314\006\054\000\040\006\071\006\057\006\057\006\314}{chapter.5}% 38
\BOOKMARK [0][-]{chapter.6}{\376\377\006\054\006\105\006\071\040\014\006\050\006\106\006\057\006\314}{}% 39
\BOOKMARK [0][-]{appendix.Alph1}{\376\377\006\105\006\050\006\047\006\055\006\053\006\314\000\040\006\047\006\062\000\040\006\106\006\070\006\061\006\314\006\107\040\014\006\314\000\040\006\105\006\314\006\057\006\047\006\106\000\040\006\251\006\110\006\047\006\106\006\052\006\110\006\105\006\314}{}% 40
\BOOKMARK [1][-]{section.Alph1.1}{\376\377\006\102\006\110\006\047\006\046\006\057\000\040\006\101\006\047\006\314\006\106\006\105\006\106\000\040\006\050\006\061\006\047\006\314\000\040\006\105\006\314\006\057\006\047\006\106\040\014\006\107\006\047\006\314\000\040\006\106\006\061\006\057\006\107\040\014\006\047\006\314\000\040\006\110\000\040\006\101\006\061\006\105\006\314\006\110\006\106\000\040\006\057\006\314\006\061\006\047\006\251}{appendix.Alph1}% 41
\BOOKMARK [1][-]{section.Alph1.2}{\376\377\006\102\006\110\006\047\006\046\006\057\000\040\006\101\006\047\006\314\006\106\006\105\006\106\000\040\006\050\006\061\006\047\006\314\000\040\006\101\006\061\006\105\006\314\006\110\006\106\040\014\006\107\006\047\006\314\000\040\006\105\006\047\006\314\006\110\006\061\006\047\006\106\006\047}{appendix.Alph1}% 42
\BOOKMARK [2][-]{subsection.Alph1.2.1}{\376\377\006\047\006\106\006\052\006\064\006\047\006\061\006\257\006\061\000\040\006\101\006\061\006\105\006\314\006\110\006\106\000\040\006\105\006\047\006\314\006\110\006\061\006\047\006\106\006\047}{section.Alph1.2}% 43
\BOOKMARK [2][-]{subsection.Alph1.2.2}{\376\377\006\066\006\061\006\047\006\314\006\050\000\040\006\061\006\046\006\110\006\063\000\040\006\064\006\047\006\105\006\104\000\040\006\101\006\061\006\105\006\314\006\110\006\106\000\040\006\105\006\047\006\314\006\110\006\061\006\047\006\106\006\047}{section.Alph1.2}% 44
\BOOKMARK [2][-]{subsection.Alph1.2.3}{\376\377\006\056\006\067\006\110\006\067\000\040\006\056\006\047\006\061\006\054\006\314\000\040\006\101\006\061\006\105\006\314\006\110\006\106\000\040\006\105\006\047\006\314\006\110\006\061\006\047\006\106\006\047}{section.Alph1.2}% 45
\BOOKMARK [0][-]{appendix*.12}{\376\377\006\105\006\061\006\047\006\054\006\071}{}% 46
